<?xml version="1.0" encoding="UTF-8"?>
<!-- Generated by org.testng.reporters.JUnitXMLReporter -->
<testsuite hostname="DESKTOP-2ED4479" ignored="2" name="Test" tests="3" failures="0" timestamp="2020-07-07T23:10:18 IST" time="51.775" errors="0">
  <testcase name="getlogindata" time="0.013" classname="Com.FirstAutomation.TestScripts.ZooplaTest"/>
  <testcase name="getlogindata" time="0.002" classname="Com.FirstAutomation.TestScripts.ZooplaTest"/>
  <testcase name="getlogindata" time="0.002" classname="Com.FirstAutomation.TestScripts.ZooplaTest"/>
  <testcase name="logintoapp" time="0.0" classname="Com.FirstAutomation.TestScripts.ZooplaTest">
    <ignored/>
  </testcase> <!-- logintoapp -->
  <testcase name="validatesearchoptions" time="0.0" classname="Com.FirstAutomation.TestScripts.ZooplaTest">
    <ignored/>
  </testcase> <!-- validatesearchoptions -->
</testsuite> <!-- Test -->
