<?xml version="1.0" encoding="UTF-8"?>
<!-- Generated by org.testng.reporters.JUnitXMLReporter -->
<testsuite hostname="DESKTOP-2ED4479" ignored="2" name="Test" tests="1" failures="0" timestamp="2020-07-10T22:52:12 IST" time="29.14" errors="0">
  <testcase name="findagentsestateagentsmodulevalidation" time="4.217" classname="Com.FirstAutomation.TestScripts.ZooplaTest"/>
  <testcase name="logintoapp" time="0.0" classname="Com.FirstAutomation.TestScripts.ZooplaTest">
    <ignored/>
  </testcase> <!-- logintoapp -->
  <testcase name="validatesearchoptions" time="0.0" classname="Com.FirstAutomation.TestScripts.ZooplaTest">
    <ignored/>
  </testcase> <!-- validatesearchoptions -->
</testsuite> <!-- Test -->
