<?xml version="1.0" encoding="UTF-8"?>
<!-- Generated by org.testng.reporters.JUnitXMLReporter -->
<testsuite hostname="DESKTOP-2ED4479" ignored="2" name="Default test" tests="1" failures="0" timestamp="2020-06-26T15:35:21 IST" time="24.845" errors="0">
  <testcase name="downloadexcelvalidation" time="13.543" classname="Com.FirstAutomation.TestScripts.ExcelSampleTest"/>
  <testcase name="donwlaodexcelrecords" time="0.0" classname="Com.FirstAutomation.TestScripts.ExcelSampleTest">
    <ignored/>
  </testcase> <!-- donwlaodexcelrecords -->
  <testcase name="validatetwoarrylistmaps" time="0.0" classname="Com.FirstAutomation.TestScripts.ExcelSampleTest">
    <ignored/>
  </testcase> <!-- validatetwoarrylistmaps -->
</testsuite> <!-- Default test -->
