<?xml version="1.0" encoding="UTF-8"?>
<testng-results skipped="0" failed="0" ignored="1" total="2" passed="1">
  <reporter-output>
  </reporter-output>
  <suite name="Default suite" duration-ms="1639" started-at="2020-01-01T00:13:53 IST" finished-at="2020-01-01T00:13:54 IST">
    <groups>
    </groups>
    <test name="Default test" duration-ms="1639" started-at="2020-01-01T00:13:53 IST" finished-at="2020-01-01T00:13:54 IST">
      <class name="Com.FirstAutomation.TestScripts.DBtestcases">
        <test-method status="PASS" signature="employeerecordstojsonfile()[pri:0, instance:Com.FirstAutomation.TestScripts.DBtestcases@30b8a058]" name="employeerecordstojsonfile" duration-ms="1554" started-at="2020-01-01T00:13:53 IST" finished-at="2020-01-01T00:13:54 IST">
          <reporter-output>
          </reporter-output>
        </test-method> <!-- employeerecordstojsonfile -->
      </class> <!-- Com.FirstAutomation.TestScripts.DBtestcases -->
    </test> <!-- Default test -->
  </suite> <!-- Default suite -->
</testng-results>
